------------------------------------------------------------------------------------------------------------------------

[2021-05-14 09:12:47 #1 store] 
Database 'C:\Users\joseg\Documents\Java\projecteGrup3\KnowingandWinningEuropeanLeague.odb' is opened by 17876@Portatil-Jose

[2021-05-14 09:12:47 #2 store] 
Configuration path: C:\Users\joseg\Documents\Java\projecteGrup3\src\objectdb-2.8.5\objectdb.conf

[2021-05-14 09:12:47 #3 store] 
Database 'C:\Users\joseg\Documents\Java\projecteGrup3\KnowingandWinningEuropeanLeague.odb' is closed by 17876@Portatil-Jose

------------------------------------------------------------------------------------------------------------------------

[2021-05-14 09:13:47 #1 store] 
Database 'C:\Users\joseg\Documents\Java\projecteGrup3\KnowingandWinningEuropeanLeague.odb' is opened by 12080@Portatil-Jose

[2021-05-14 09:13:47 #2 store] 
Configuration path: C:\Users\joseg\Documents\Java\projecteGrup3\src\objectdb-2.8.5\objectdb.conf

[2021-05-14 09:13:47 #3 store] 
Database 'C:\Users\joseg\Documents\Java\projecteGrup3\KnowingandWinningEuropeanLeague.odb' is closed by 12080@Portatil-Jose

------------------------------------------------------------------------------------------------------------------------

[2021-05-14 09:15:28 #1 store] 
Database 'C:\Users\joseg\Documents\Java\projecteGrup3\KnowingandWinningEuropeanLeague.odb' is opened by 3160@Portatil-Jose

[2021-05-14 09:15:28 #2 store] 
Configuration path: C:\Users\joseg\Documents\Java\projecteGrup3\src\objectdb-2.8.5\objectdb.conf

[2021-05-14 09:15:28 #3 store] 
Database 'C:\Users\joseg\Documents\Java\projecteGrup3\KnowingandWinningEuropeanLeague.odb' is closed by 3160@Portatil-Jose

------------------------------------------------------------------------------------------------------------------------

[2021-05-14 09:18:32 #1 store] 
Database 'C:\Users\joseg\Documents\Java\projecteGrup3\KnowingandWinningEuropeanLeague.odb' is opened by 11888@Portatil-Jose

[2021-05-14 09:18:32 #2 store] 
Configuration path: C:\Users\joseg\Documents\Java\projecteGrup3\src\objectdb-2.8.5\objectdb.conf

[2021-05-14 09:18:32 #3 store] 
Database 'C:\Users\joseg\Documents\Java\projecteGrup3\KnowingandWinningEuropeanLeague.odb' is closed by 11888@Portatil-Jose

------------------------------------------------------------------------------------------------------------------------

[2021-05-14 09:19:38 #1 store] 
Database 'C:\Users\joseg\Documents\Java\projecteGrup3\KnowingandWinningEuropeanLeague.odb' is opened by 10284@Portatil-Jose

[2021-05-14 09:19:38 #2 store] 
Configuration path: C:\Users\joseg\Documents\Java\projecteGrup3\src\objectdb-2.8.5\objectdb.conf

[2021-05-14 09:19:38 #3 type] 
Type SaberYGanar.Preguntas is not enhanced.

[2021-05-14 09:19:38 #4 type] 
Type SaberYGanar.Mates is not enhanced.

------------------------------------------------------------------------------------------------------------------------

[2021-05-14 09:21:11 #1 store] 
Database 'C:\Users\joseg\Documents\Java\projecteGrup3\KnowingandWinningEuropeanLeague.odb' has been recovered (tr. 3-3)

[2021-05-14 09:21:11 #2 store] 
Database 'C:\Users\joseg\Documents\Java\projecteGrup3\KnowingandWinningEuropeanLeague.odb' is opened by 20028@Portatil-Jose

[2021-05-14 09:21:11 #3 store] 
Configuration path: C:\Users\joseg\Documents\Java\projecteGrup3\src\objectdb-2.8.5\objectdb.conf

[2021-05-14 09:21:11 #4 type] 
Type SaberYGanar.Preguntas is not enhanced.

[2021-05-14 09:21:11 #5 type] 
Type SaberYGanar.Mates is not enhanced.

------------------------------------------------------------------------------------------------------------------------

[2021-05-14 09:22:53 #1 store] 
Database 'C:\Users\joseg\Documents\Java\projecteGrup3\KnowingandWinningEuropeanLeague.odb' is opened by 22084@Portatil-Jose

[2021-05-14 09:22:53 #2 store] 
Configuration path: C:\Users\joseg\Documents\Java\projecteGrup3\src\objectdb-2.8.5\objectdb.conf

[2021-05-14 09:22:54 #3 type] 
Type SaberYGanar.Preguntas is not enhanced.

[2021-05-14 09:22:54 #4 type] 
Type SaberYGanar.Mates is not enhanced.

------------------------------------------------------------------------------------------------------------------------

[2021-05-14 09:23:35 #1 store] 
Database 'C:\Users\joseg\Documents\Java\projecteGrup3\KnowingandWinningEuropeanLeague.odb' is opened by 7908@Portatil-Jose

[2021-05-14 09:23:35 #2 store] 
Configuration path: C:\Users\joseg\Documents\Java\projecteGrup3\src\objectdb-2.8.5\objectdb.conf

[2021-05-14 09:23:35 #3 type] 
Type SaberYGanar.Preguntas is not enhanced.

[2021-05-14 09:23:35 #4 type] 
Type SaberYGanar.Mates is not enhanced.

[2021-05-14 09:23:35 #5 store] 
Database 'C:\Users\joseg\Documents\Java\projecteGrup3\KnowingandWinningEuropeanLeague.odb' is closed by 7908@Portatil-Jose

------------------------------------------------------------------------------------------------------------------------

[2021-05-14 09:26:24 #1 store] 
Database 'C:\Users\joseg\Documents\Java\projecteGrup3\KnowingandWinningEuropeanLeague.odb' is opened by 13240@Portatil-Jose

[2021-05-14 09:26:24 #2 store] 
Configuration path: C:\Users\joseg\Documents\Java\projecteGrup3\src\objectdb-2.8.5\objectdb.conf

[2021-05-14 09:26:24 #3 type] 
Type SaberYGanar.Preguntas is not enhanced.

[2021-05-14 09:26:24 #4 type] 
Type SaberYGanar.Mates is not enhanced.

[2021-05-14 09:26:24 #5 store] 
Database 'C:\Users\joseg\Documents\Java\projecteGrup3\KnowingandWinningEuropeanLeague.odb' is closed by 13240@Portatil-Jose

------------------------------------------------------------------------------------------------------------------------

[2021-05-14 09:40:30 #1 store] 
Database 'C:\Users\joseg\Documents\Java\projecteGrup3\KnowingandWinningEuropeanLeague.odb' is opened by 17324@Portatil-Jose

[2021-05-14 09:40:30 #2 store] 
Configuration path: C:\Users\joseg\Documents\Java\projecteGrup3\src\objectdb-2.8.5\objectdb.conf

[2021-05-14 09:40:30 #3 type] 
Type SaberYGanar.Preguntas is not enhanced.

[2021-05-14 09:40:30 #4 type] 
Type SaberYGanar.Mates is not enhanced.

[2021-05-14 09:40:30 #5 store] 
Database 'C:\Users\joseg\Documents\Java\projecteGrup3\KnowingandWinningEuropeanLeague.odb' is closed by 17324@Portatil-Jose

------------------------------------------------------------------------------------------------------------------------

[2021-05-14 09:42:45 #1 store] 
Database 'C:\Users\joseg\Documents\Java\projecteGrup3\KnowingandWinningEuropeanLeague.odb' is opened by 18116@Portatil-Jose

[2021-05-14 09:42:45 #2 store] 
Configuration path: C:\Users\joseg\Documents\Java\projecteGrup3\src\objectdb-2.8.5\objectdb.conf

[2021-05-14 09:42:45 #3 type] 
Type SaberYGanar.Preguntas is not enhanced.

[2021-05-14 09:42:45 #4 type] 
Type SaberYGanar.Mates is not enhanced.

[2021-05-14 09:42:45 #5 store] 
Database 'C:\Users\joseg\Documents\Java\projecteGrup3\KnowingandWinningEuropeanLeague.odb' is closed by 18116@Portatil-Jose

------------------------------------------------------------------------------------------------------------------------

[2021-05-14 09:43:48 #1 store] 
Database 'C:\Users\joseg\Documents\Java\projecteGrup3\KnowingandWinningEuropeanLeague.odb' is opened by 18808@Portatil-Jose

[2021-05-14 09:43:48 #2 store] 
Configuration path: C:\Users\joseg\Documents\Java\projecteGrup3\src\objectdb-2.8.5\objectdb.conf

[2021-05-14 09:43:48 #3 type] 
Type SaberYGanar.Preguntas is not enhanced.

[2021-05-14 09:43:48 #4 type] 
Type SaberYGanar.Mates is not enhanced.

[2021-05-14 09:43:48 #5 store] 
Database 'C:\Users\joseg\Documents\Java\projecteGrup3\KnowingandWinningEuropeanLeague.odb' is closed by 18808@Portatil-Jose

------------------------------------------------------------------------------------------------------------------------

[2021-05-14 09:44:59 #1 store] 
Database 'C:\Users\joseg\Documents\Java\projecteGrup3\KnowingandWinningEuropeanLeague.odb' is opened by 11248@Portatil-Jose

[2021-05-14 09:44:59 #2 store] 
Configuration path: C:\Users\joseg\Documents\Java\projecteGrup3\src\objectdb-2.8.5\objectdb.conf

[2021-05-14 09:44:59 #3 type] 
Type SaberYGanar.Preguntas is not enhanced.

[2021-05-14 09:44:59 #4 type] 
Type SaberYGanar.Mates is not enhanced.

------------------------------------------------------------------------------------------------------------------------

[2021-05-14 09:50:13 #1 store] 
Database 'C:\Users\joseg\Documents\Java\projecteGrup3\KnowingandWinningEuropeanLeague.odb' is opened by 14692@Portatil-Jose

[2021-05-14 09:50:13 #2 store] 
Configuration path: C:\Users\joseg\Documents\Java\projecteGrup3\src\objectdb-2.8.5\objectdb.conf

[2021-05-14 09:50:13 #3 type] 
Type SaberYGanar.Preguntas is not enhanced.

[2021-05-14 09:50:13 #4 type] 
Type SaberYGanar.Mates is not enhanced.

[2021-05-14 09:50:13 #5 type] 
Type SaberYGanar.Ingles is not enhanced.

[2021-05-14 09:50:16 #6 store] 
Database 'C:\Users\joseg\Documents\Java\projecteGrup3\KnowingandWinningEuropeanLeague.odb' is closed by 14692@Portatil-Jose

------------------------------------------------------------------------------------------------------------------------

[2021-05-14 09:51:23 #1 store] 
Database 'C:\Users\joseg\Documents\Java\projecteGrup3\KnowingandWinningEuropeanLeague.odb' is opened by 4884@Portatil-Jose

[2021-05-14 09:51:23 #2 store] 
Configuration path: C:\Users\joseg\Documents\Java\projecteGrup3\src\objectdb-2.8.5\objectdb.conf

[2021-05-14 09:51:23 #3 type] 
Type SaberYGanar.Preguntas is not enhanced.

[2021-05-14 09:51:23 #4 type] 
Type SaberYGanar.Mates is not enhanced.

[2021-05-14 09:51:23 #5 type] 
Type SaberYGanar.Ingles is not enhanced.

[2021-05-14 09:51:25 #6 type] 
Type SaberYGanar.Letras is not enhanced.

------------------------------------------------------------------------------------------------------------------------

[2021-05-14 10:17:30 #1 store] 
Database 'C:\Users\joseg\Documents\Java\projecteGrup3\KnowingandWinningEuropeanLeague.odb' has been recovered (tr. 5-5)

[2021-05-14 10:17:31 #2 store] 
Database 'C:\Users\joseg\Documents\Java\projecteGrup3\KnowingandWinningEuropeanLeague.odb' is opened by 21548@Portatil-Jose

[2021-05-14 10:17:31 #3 store] 
Configuration path: C:\Users\joseg\Documents\Java\projecteGrup3\src\objectdb-2.8.5\objectdb.conf

[2021-05-14 10:17:31 #4 type] 
Type SaberYGanar.Preguntas is not enhanced.

[2021-05-14 10:17:31 #5 type] 
Type SaberYGanar.Mates is not enhanced.

[2021-05-14 10:17:31 #6 type] 
Type SaberYGanar.Ingles is not enhanced.

[2021-05-14 10:17:31 #7 type] 
Type SaberYGanar.Letras is not enhanced.

------------------------------------------------------------------------------------------------------------------------

[2021-05-14 10:18:23 #1 store] 
Database 'C:\Users\joseg\Documents\Java\projecteGrup3\KnowingandWinningEuropeanLeague.odb' is opened by 8884@Portatil-Jose

[2021-05-14 10:18:23 #2 store] 
Configuration path: C:\Users\joseg\Documents\Java\projecteGrup3\src\objectdb-2.8.5\objectdb.conf

[2021-05-14 10:18:23 #3 type] 
Type SaberYGanar.Preguntas is not enhanced.

[2021-05-14 10:18:23 #4 type] 
Type SaberYGanar.Mates is not enhanced.

[2021-05-14 10:18:23 #5 type] 
Type SaberYGanar.Ingles is not enhanced.

[2021-05-14 10:18:23 #6 type] 
Type SaberYGanar.Letras is not enhanced.

[2021-05-14 10:18:23 #7 store] 
Database 'C:\Users\joseg\Documents\Java\projecteGrup3\KnowingandWinningEuropeanLeague.odb' is closed by 8884@Portatil-Jose

------------------------------------------------------------------------------------------------------------------------

[2021-05-14 10:19:19 #1 store.file] 
readTextFile error.

[2021-05-14 10:19:19 #2 store.file] 
java.io.FileNotFoundException: C:\Users\joseg\.objectdb\exolorer.xml (El sistema no puede encontrar el archivo especificado)
	at java.io.FileInputStream.open0(Native Method)
	at java.io.FileInputStream.open(Unknown Source)
	at java.io.FileInputStream.<init>(Unknown Source)
	at java.io.FileInputStream.<init>(Unknown Source)
	at com.objectdb.o.STH.B(STH.java:731)
	at com.objectdb.o.STH.A(STH.java:715)
	at com.objectdb.o.CNF.<init>(CNF.java:106)
	at com.objectdb.o.CNF.<clinit>(CNF.java:32)
	at com.objectdb.o.MainFrame.init(MainFrame.java:132)
	at com.objectdb.o.EXA.<init>(EXA.java:77)
	at com.objectdb.Explorer$1.run(Explorer.java:57)
	at java.awt.event.InvocationEvent.dispatch(Unknown Source)
	at java.awt.EventQueue.dispatchEventImpl(Unknown Source)
	at java.awt.EventQueue.access$500(Unknown Source)
	at java.awt.EventQueue$3.run(Unknown Source)
	at java.awt.EventQueue$3.run(Unknown Source)
	at java.security.AccessController.doPrivileged(Native Method)
	at java.security.ProtectionDomain$JavaSecurityAccessImpl.doIntersectionPrivilege(Unknown Source)
	at java.awt.EventQueue.dispatchEvent(Unknown Source)
	at java.awt.EventDispatchThread.pumpOneEventForFilters(Unknown Source)
	at java.awt.EventDispatchThread.pumpEventsForFilter(Unknown Source)
	at java.awt.EventDispatchThread.pumpEventsForHierarchy(Unknown Source)
	at java.awt.EventDispatchThread.pumpEvents(Unknown Source)
	at java.awt.EventDispatchThread.pumpEvents(Unknown Source)
	at java.awt.EventDispatchThread.run(Unknown Source)

[2021-05-14 10:19:19 #3 store] 
Database 'C:\Users\joseg\Documents\Java\projecteGrup3\KnowingandWinningEuropeanLeague.odb' is opened by 12832@Portatil-Jose

[2021-05-14 10:19:19 #4 store] 
Configuration path: C:\Users\joseg\Documents\Java\projecteGrup3\src\objectdb-2.8.5\objectdb.conf

[2021-05-14 10:19:20 #5 store.file] 
readTextFile error.

[2021-05-14 10:19:20 #6 store.file] 
java.io.FileNotFoundException: C:\Users\joseg\.objectdb\exolorer.xml (El sistema no puede encontrar el archivo especificado)
	at java.io.FileInputStream.open0(Native Method)
	at java.io.FileInputStream.open(Unknown Source)
	at java.io.FileInputStream.<init>(Unknown Source)
	at java.io.FileInputStream.<init>(Unknown Source)
	at com.objectdb.o.STH.B(STH.java:731)
	at com.objectdb.o.STH.A(STH.java:715)
	at com.objectdb.o.CNF.<init>(CNF.java:106)
	at com.objectdb.o.CNF.f(CNF.java:130)
	at com.objectdb.o.CNC.s(CNC.java:119)
	at com.objectdb.o.EXA.<init>(EXA.java:87)
	at com.objectdb.Explorer$1.run(Explorer.java:57)
	at java.awt.event.InvocationEvent.dispatch(Unknown Source)
	at java.awt.EventQueue.dispatchEventImpl(Unknown Source)
	at java.awt.EventQueue.access$500(Unknown Source)
	at java.awt.EventQueue$3.run(Unknown Source)
	at java.awt.EventQueue$3.run(Unknown Source)
	at java.security.AccessController.doPrivileged(Native Method)
	at java.security.ProtectionDomain$JavaSecurityAccessImpl.doIntersectionPrivilege(Unknown Source)
	at java.awt.EventQueue.dispatchEvent(Unknown Source)
	at java.awt.EventDispatchThread.pumpOneEventForFilters(Unknown Source)
	at java.awt.EventDispatchThread.pumpEventsForFilter(Unknown Source)
	at java.awt.EventDispatchThread.pumpEventsForHierarchy(Unknown Source)
	at java.awt.EventDispatchThread.pumpEvents(Unknown Source)
	at java.awt.EventDispatchThread.pumpEvents(Unknown Source)
	at java.awt.EventDispatchThread.run(Unknown Source)

[2021-05-14 10:19:43 #7 store] 
Database 'C:\Users\joseg\Documents\Java\projecteGrup3\KnowingandWinningEuropeanLeague.odb' is closed by 12832@Portatil-Jose

